<testsuite name="Mocha Tests" tests="4" failures="0" errors="0" skipped="1" timestamp="Thu, 15 May 2014 09:48:46 GMT" time="0.013">
<testcase classname="Tags #parse()" name="should parse long formed tags and convert numbers" time="0.001"/>
<testcase classname="Tags #parse()" name="should fallback to defaults" time="0.01"/>
<testcase classname="Array #indexOf()" name="should return -1 when the value is not present" time="0"/>
<testcase classname="Suite one" name="function (done){
   request.get('localhost:8080').end(function(res){
    expect(res).to.exist;
    expect(res.status).to.equal(4200);
    expect(res.body).to.contain('worldffff');
    done();
   });
  }" time="0"><skipped/></testcase>
</testsuite>
